#-----------------------------------------------------------
# Vivado v2019.1.1 (64-bit)
# SW Build 2580384 on Sat Jun 29 08:12:21 MDT 2019
# IP Build 2579722 on Sat Jun 29 11:35:40 MDT 2019
# Start of session at: Sat Jul 27 19:41:41 2019
# Process ID: 23908
# Current directory: D:/github_repository/zybo-z7-10/CanMaster
# Command line: vivado.exe -gui_launcher_event rodinguilauncherevent12208 D:\github_repository\zybo-z7-10\CanMaster\CanMaster.xpr
# Log file: D:/github_repository/zybo-z7-10/CanMaster/vivado.log
# Journal file: D:/github_repository/zybo-z7-10/CanMaster\vivado.jou
#-----------------------------------------------------------
start_gui
open_project D:/github_repository/zybo-z7-10/CanMaster/CanMaster.xpr
Scanning sources...
Finished scanning sources
INFO: [IP_Flow 19-234] Refreshing IP repositories
INFO: [IP_Flow 19-1704] No user IP repositories specified
INFO: [IP_Flow 19-2313] Loaded Vivado IP repository 'C:/Xilinx/Vivado/2019.1/data/ip'.
open_project: Time (s): cpu = 00:00:13 ; elapsed = 00:00:06 . Memory (MB): peak = 666.180 ; gain = 65.563
update_compile_order -fileset sources_1
close [ open D:/github_repository/zybo-z7-10/CanMaster/CanMaster.srcs/sources_1/new/Crc15.vhd w ]
add_files D:/github_repository/zybo-z7-10/CanMaster/CanMaster.srcs/sources_1/new/Crc15.vhd
update_compile_order -fileset sources_1
exit
INFO: [Common 17-206] Exiting Vivado at Sun Jul 28 03:14:46 2019...
