#-----------------------------------------------------------
# Vivado v2019.1.1 (64-bit)
# SW Build 2580384 on Sat Jun 29 08:12:21 MDT 2019
# IP Build 2579722 on Sat Jun 29 11:35:40 MDT 2019
# Start of session at: Tue Jul 16 22:06:55 2019
# Process ID: 17232
# Current directory: D:/github_repository/zybo-z7-10/CanMaster
# Command line: vivado.exe -gui_launcher_event rodinguilauncherevent16100 D:\github_repository\zybo-z7-10\CanMaster\CanMaster.xpr
# Log file: D:/github_repository/zybo-z7-10/CanMaster/vivado.log
# Journal file: D:/github_repository/zybo-z7-10/CanMaster\vivado.jou
#-----------------------------------------------------------
start_gui
open_project D:/github_repository/zybo-z7-10/CanMaster/CanMaster.xpr
Scanning sources...
Finished scanning sources
INFO: [IP_Flow 19-234] Refreshing IP repositories
INFO: [IP_Flow 19-1704] No user IP repositories specified
INFO: [IP_Flow 19-2313] Loaded Vivado IP repository 'C:/Xilinx/Vivado/2019.1/data/ip'.
open_project: Time (s): cpu = 00:00:14 ; elapsed = 00:00:07 . Memory (MB): peak = 675.340 ; gain = 93.891
update_compile_order -fileset sources_1
export_ip_user_files -of_objects  [get_files D:/github_repository/zybo-z7-10/CanMaster/CanMaster.srcs/sources_1/ip/can_0/can_0.xci] -no_script -reset -force -quiet
remove_files  -fileset can_0 D:/github_repository/zybo-z7-10/CanMaster/CanMaster.srcs/sources_1/ip/can_0/can_0.xci
INFO: [Project 1-386] Moving file 'D:/github_repository/zybo-z7-10/CanMaster/CanMaster.srcs/sources_1/ip/can_0/can_0.xci' from fileset 'can_0' to fileset 'sources_1'.
file delete -force D:/github_repository/zybo-z7-10/CanMaster/CanMaster.srcs/sources_1/ip/can_0
close [ open D:/github_repository/zybo-z7-10/CanMaster/CanMaster.srcs/sources_1/new/CanTypes.vhd w ]
add_files D:/github_repository/zybo-z7-10/CanMaster/CanMaster.srcs/sources_1/new/CanTypes.vhd
update_compile_order -fileset sources_1
create_ip -name clk_wiz -vendor xilinx.com -library ip -version 6.0 -module_name clk_wiz_0 -dir d:/github_repository/zybo-z7-10/CanMaster/CanMaster.srcs/sources_1/ip
set_property -dict [list CONFIG.CLK_IN1_BOARD_INTERFACE {sys_clock} CONFIG.CLKOUT1_REQUESTED_OUT_FREQ {24.000} CONFIG.USE_LOCKED {false} CONFIG.USE_RESET {false} CONFIG.PRIM_IN_FREQ {125.000} CONFIG.CLKIN1_JITTER_PS {80.0} CONFIG.MMCM_DIVCLK_DIVIDE {5} CONFIG.MMCM_CLKFBOUT_MULT_F {39.000} CONFIG.MMCM_CLKIN1_PERIOD {8.000} CONFIG.MMCM_CLKOUT0_DIVIDE_F {40.625} CONFIG.CLKOUT1_JITTER {293.625} CONFIG.CLKOUT1_PHASE_ERROR {240.486}] [get_ips clk_wiz_0]
generate_target {instantiation_template} [get_files d:/github_repository/zybo-z7-10/CanMaster/CanMaster.srcs/sources_1/ip/clk_wiz_0/clk_wiz_0.xci]
INFO: [IP_Flow 19-1686] Generating 'Instantiation Template' target for IP 'clk_wiz_0'...
update_compile_order -fileset sources_1
generate_target all [get_files  d:/github_repository/zybo-z7-10/CanMaster/CanMaster.srcs/sources_1/ip/clk_wiz_0/clk_wiz_0.xci]
INFO: [IP_Flow 19-1686] Generating 'Synthesis' target for IP 'clk_wiz_0'...
INFO: [IP_Flow 19-1686] Generating 'Simulation' target for IP 'clk_wiz_0'...
INFO: [IP_Flow 19-1686] Generating 'Implementation' target for IP 'clk_wiz_0'...
INFO: [IP_Flow 19-1686] Generating 'Change Log' target for IP 'clk_wiz_0'...
catch { config_ip_cache -export [get_ips -all clk_wiz_0] }
export_ip_user_files -of_objects [get_files d:/github_repository/zybo-z7-10/CanMaster/CanMaster.srcs/sources_1/ip/clk_wiz_0/clk_wiz_0.xci] -no_script -sync -force -quiet
create_ip_run [get_files -of_objects [get_fileset sources_1] d:/github_repository/zybo-z7-10/CanMaster/CanMaster.srcs/sources_1/ip/clk_wiz_0/clk_wiz_0.xci]
launch_runs -jobs 4 clk_wiz_0_synth_1
[Tue Jul 16 22:46:42 2019] Launched clk_wiz_0_synth_1...
Run output will be captured here: D:/github_repository/zybo-z7-10/CanMaster/CanMaster.runs/clk_wiz_0_synth_1/runme.log
export_simulation -of_objects [get_files d:/github_repository/zybo-z7-10/CanMaster/CanMaster.srcs/sources_1/ip/clk_wiz_0/clk_wiz_0.xci] -directory D:/github_repository/zybo-z7-10/CanMaster/CanMaster.ip_user_files/sim_scripts -ip_user_files_dir D:/github_repository/zybo-z7-10/CanMaster/CanMaster.ip_user_files -ipstatic_source_dir D:/github_repository/zybo-z7-10/CanMaster/CanMaster.ip_user_files/ipstatic -lib_map_path [list {modelsim=D:/github_repository/zybo-z7-10/CanMaster/CanMaster.cache/compile_simlib/modelsim} {questa=D:/github_repository/zybo-z7-10/CanMaster/CanMaster.cache/compile_simlib/questa} {riviera=D:/github_repository/zybo-z7-10/CanMaster/CanMaster.cache/compile_simlib/riviera} {activehdl=D:/github_repository/zybo-z7-10/CanMaster/CanMaster.cache/compile_simlib/activehdl}] -use_ip_compiled_libs -force -quiet
update_compile_order -fileset sources_1
update_compile_order -fileset sources_1
export_ip_user_files -of_objects  [get_files d:/github_repository/zybo-z7-10/CanMaster/CanMaster.srcs/sources_1/ip/clk_wiz_0/clk_wiz_0.xci] -no_script -reset -force -quiet
remove_files  -fileset clk_wiz_0 d:/github_repository/zybo-z7-10/CanMaster/CanMaster.srcs/sources_1/ip/clk_wiz_0/clk_wiz_0.xci
INFO: [Project 1-386] Moving file 'd:/github_repository/zybo-z7-10/CanMaster/CanMaster.srcs/sources_1/ip/clk_wiz_0/clk_wiz_0.xci' from fileset 'clk_wiz_0' to fileset 'sources_1'.
file delete -force d:/github_repository/zybo-z7-10/CanMaster/CanMaster.srcs/sources_1/ip/clk_wiz_0
exit
INFO: [Common 17-206] Exiting Vivado at Wed Jul 17 00:25:09 2019...
