#-----------------------------------------------------------
# Vivado v2018.3 (64-bit)
# SW Build 2405991 on Thu Dec  6 23:38:27 MST 2018
# IP Build 2404404 on Fri Dec  7 01:43:56 MST 2018
# Start of session at: Tue May  7 21:16:45 2019
# Process ID: 16096
# Current directory: D:/github_repository/zybo-z7-10/ClockDivider
# Command line: vivado.exe -gui_launcher_event rodinguilauncherevent10932 D:\github_repository\zybo-z7-10\ClockDivider\ClockDivider.xpr
# Log file: D:/github_repository/zybo-z7-10/ClockDivider/vivado.log
# Journal file: D:/github_repository/zybo-z7-10/ClockDivider\vivado.jou
#-----------------------------------------------------------
start_gui
open_project D:/github_repository/zybo-z7-10/ClockDivider/ClockDivider.xpr
Scanning sources...
Finished scanning sources
INFO: [IP_Flow 19-234] Refreshing IP repositories
INFO: [IP_Flow 19-1704] No user IP repositories specified
INFO: [IP_Flow 19-2313] Loaded Vivado IP repository 'C:/Xilinx/Vivado/2018.3/data/ip'.
open_project: Time (s): cpu = 00:00:19 ; elapsed = 00:00:09 . Memory (MB): peak = 713.918 ; gain = 115.680
update_compile_order -fileset sources_1
exit
INFO: [Common 17-206] Exiting Vivado at Tue May  7 21:23:44 2019...
