Copyright 1986-2018 Xilinx, Inc. All Rights Reserved.
-----------------------------------------------------------------------------------------
| Tool Version : Vivado v.2018.3 (win64) Build 2405991 Thu Dec  6 23:38:27 MST 2018
| Date         : Tue Jun 18 00:44:53 2019
| Host         : BERAT running 64-bit major release  (build 9200)
| Command      : report_control_sets -verbose -file I2CTopModule_control_sets_placed.rpt
| Design       : I2CTopModule
| Device       : xc7z010
-----------------------------------------------------------------------------------------

Control Set Information

Table of Contents
-----------------
1. Summary
2. Histogram
3. Flip-Flop Distribution
4. Detailed Control Set Information

1. Summary
----------

+----------------------------------------------------------+-------+
|                          Status                          | Count |
+----------------------------------------------------------+-------+
| Number of unique control sets                            |     6 |
| Unused register locations in slices containing registers |    30 |
+----------------------------------------------------------+-------+


2. Histogram
------------

+--------+--------------+
| Fanout | Control Sets |
+--------+--------------+
|      1 |            2 |
|      4 |            2 |
|    16+ |            2 |
+--------+--------------+


3. Flip-Flop Distribution
-------------------------

+--------------+-----------------------+------------------------+-----------------+--------------+
| Clock Enable | Synchronous Set/Reset | Asynchronous Set/Reset | Total Registers | Total Slices |
+--------------+-----------------------+------------------------+-----------------+--------------+
| No           | No                    | No                     |              27 |           14 |
| No           | No                    | Yes                    |               0 |            0 |
| No           | Yes                   | No                     |              21 |            6 |
| Yes          | No                    | No                     |               8 |            3 |
| Yes          | No                    | Yes                    |               0 |            0 |
| Yes          | Yes                   | No                     |               2 |            2 |
+--------------+-----------------------+------------------------+-----------------+--------------+


4. Detailed Control Set Information
-----------------------------------

+----------------------+-----------------------------------------------+--------------------------+------------------+----------------+
|     Clock Signal     |                 Enable Signal                 |     Set/Reset Signal     | Slice Load Count | Bel Load Count |
+----------------------+-----------------------------------------------+--------------------------+------------------+----------------+
|  sys_clock_IBUF_BUFG | I2C_Component/beforeSwitches_reg[3]           | I2C_Component/wroteItSig |                1 |              1 |
|  sys_clock_IBUF_BUFG | I2C_Component/scl                             | I2C_Component/scl0       |                1 |              1 |
|  sys_clock_IBUF_BUFG | I2C_Component/FSM_sequential_state[3]_i_1_n_0 |                          |                2 |              4 |
|  sys_clock_IBUF_BUFG | clear                                         |                          |                1 |              4 |
|  sys_clock_IBUF_BUFG |                                               | clear                    |                6 |             21 |
|  sys_clock_IBUF_BUFG |                                               |                          |               14 |             27 |
+----------------------+-----------------------------------------------+--------------------------+------------------+----------------+


