04:47:18 INFO  : Registering command handlers for SDK TCF services
04:47:19 INFO  : Launching XSCT server: xsct.bat -interactive D:\zybo-z10_workspace\project_8\project_8.sdk\temp_xsdb_launch_script.tcl
04:47:22 INFO  : XSCT server has started successfully.
04:47:22 INFO  : Successfully done setting XSCT server connection channel  
04:47:26 INFO  : Successfully done setting SDK workspace  
04:47:26 INFO  : Processing command line option -hwspec D:/zybo-z10_workspace/project_8/project_8.sdk/design_1_wrapper.hdf.
04:49:23 INFO  : 'targets -set -filter {jtag_cable_name =~ "Digilent Zybo Z7 210351A81A07A" && level==0} -index 1' command is executed.
04:49:23 INFO  : 'fpga -state' command is executed.
04:49:24 INFO  : Connected to target on host '127.0.0.1' and port '3121'.
04:49:25 INFO  : Jtag cable 'Digilent Zybo Z7 210351A81A07A' is selected.
04:49:25 INFO  : 'jtag frequency' command is executed.
04:49:25 INFO  : Sourcing of 'D:/zybo-z10_workspace/project_8/project_8.sdk/design_1_wrapper_hw_platform_0/ps7_init.tcl' is done.
04:49:26 INFO  : Context for 'APU' is selected.
04:49:26 INFO  : Hardware design information is loaded from 'D:/zybo-z10_workspace/project_8/project_8.sdk/design_1_wrapper_hw_platform_0/system.hdf'.
04:49:26 INFO  : 'configparams force-mem-access 1' command is executed.
04:49:26 INFO  : Context for 'APU' is selected.
04:49:26 INFO  : 'stop' command is executed.
04:49:26 ERROR : Cannot flush JTAG server queue. FT_Write failed: io error
04:49:26 INFO  : ----------------XSDB Script----------------
connect -url tcp:127.0.0.1:3121
source D:/zybo-z10_workspace/project_8/project_8.sdk/design_1_wrapper_hw_platform_0/ps7_init.tcl
targets -set -nocase -filter {name =~"APU*" && jtag_cable_name =~ "Digilent Zybo Z7 210351A81A07A"} -index 0
loadhw -hw D:/zybo-z10_workspace/project_8/project_8.sdk/design_1_wrapper_hw_platform_0/system.hdf -mem-ranges [list {0x40000000 0xbfffffff}]
configparams force-mem-access 1
targets -set -nocase -filter {name =~"APU*" && jtag_cable_name =~ "Digilent Zybo Z7 210351A81A07A"} -index 0
stop
ps7_init
----------------End of Script----------------

04:49:39 INFO  : 'targets -set -filter {jtag_cable_name =~ "Digilent Zybo Z7 210351A81A07A" && level==0} -index 1' command is executed.
04:49:39 INFO  : 'fpga -state' command is executed.
04:49:43 INFO  : Memory regions updated for context APU
04:49:49 INFO  : Connected to target on host '127.0.0.1' and port '3121'.
04:49:49 INFO  : 'targets -set -filter {jtag_cable_name =~ "Digilent Zybo Z7 210351A81A07A" && level==0} -index 1' command is executed.
04:49:50 INFO  : FPGA configured successfully with bitstream "D:/zybo-z10_workspace/project_8/project_8.sdk/design_1_wrapper_hw_platform_0/design_1_wrapper.bit"
04:50:02 INFO  : 'targets -set -filter {jtag_cable_name =~ "Digilent Zybo Z7 210351A81A07A" && level==0} -index 1' command is executed.
04:50:02 INFO  : 'fpga -state' command is executed.
04:50:02 INFO  : Connected to target on host '127.0.0.1' and port '3121'.
04:50:02 INFO  : Jtag cable 'Digilent Zybo Z7 210351A81A07A' is selected.
04:50:02 INFO  : 'jtag frequency' command is executed.
04:50:02 INFO  : Sourcing of 'D:/zybo-z10_workspace/project_8/project_8.sdk/design_1_wrapper_hw_platform_0/ps7_init.tcl' is done.
04:50:02 INFO  : Context for 'APU' is selected.
04:50:02 INFO  : Hardware design information is loaded from 'D:/zybo-z10_workspace/project_8/project_8.sdk/design_1_wrapper_hw_platform_0/system.hdf'.
04:50:02 INFO  : 'configparams force-mem-access 1' command is executed.
04:50:02 INFO  : Context for 'APU' is selected.
04:50:02 INFO  : 'stop' command is executed.
04:50:03 ERROR : Memory write error at 0xF8000008. Cannot flush JTAG server queue. FT_Write failed: io error
04:50:03 INFO  : ----------------XSDB Script----------------
connect -url tcp:127.0.0.1:3121
source D:/zybo-z10_workspace/project_8/project_8.sdk/design_1_wrapper_hw_platform_0/ps7_init.tcl
targets -set -nocase -filter {name =~"APU*" && jtag_cable_name =~ "Digilent Zybo Z7 210351A81A07A"} -index 0
loadhw -hw D:/zybo-z10_workspace/project_8/project_8.sdk/design_1_wrapper_hw_platform_0/system.hdf -mem-ranges [list {0x40000000 0xbfffffff}]
configparams force-mem-access 1
targets -set -nocase -filter {name =~"APU*" && jtag_cable_name =~ "Digilent Zybo Z7 210351A81A07A"} -index 0
stop
ps7_init
----------------End of Script----------------

04:50:19 INFO  : Connected to target on host '127.0.0.1' and port '3121'.
04:50:20 INFO  : 'targets -set -filter {jtag_cable_name =~ "Digilent Zybo Z7 210351A81A07A" && level==0} -index 1' command is executed.
04:50:21 INFO  : FPGA configured successfully with bitstream "D:/zybo-z10_workspace/project_8/project_8.sdk/design_1_wrapper_hw_platform_0/design_1_wrapper.bit"
04:50:27 INFO  : 'targets -set -filter {jtag_cable_name =~ "Digilent Zybo Z7 210351A81A07A" && level==0} -index 1' command is executed.
04:50:27 INFO  : 'fpga -state' command is executed.
04:50:27 INFO  : Connected to target on host '127.0.0.1' and port '3121'.
04:50:28 INFO  : Jtag cable 'Digilent Zybo Z7 210351A81A07A' is selected.
04:50:28 INFO  : 'jtag frequency' command is executed.
04:50:28 INFO  : Sourcing of 'D:/zybo-z10_workspace/project_8/project_8.sdk/design_1_wrapper_hw_platform_0/ps7_init.tcl' is done.
04:50:28 INFO  : Context for 'APU' is selected.
04:50:28 INFO  : Hardware design information is loaded from 'D:/zybo-z10_workspace/project_8/project_8.sdk/design_1_wrapper_hw_platform_0/system.hdf'.
04:50:28 INFO  : 'configparams force-mem-access 1' command is executed.
04:50:28 INFO  : Context for 'APU' is selected.
04:50:28 INFO  : 'stop' command is executed.
04:50:28 INFO  : 'ps7_init' command is executed.
04:50:28 INFO  : 'ps7_post_config' command is executed.
04:50:28 INFO  : Context for processor 'ps7_cortexa9_0' is selected.
04:50:28 INFO  : Processor reset is completed for 'ps7_cortexa9_0'.
04:50:28 INFO  : Context for processor 'ps7_cortexa9_0' is selected.
04:50:29 INFO  : The application 'D:/zybo-z10_workspace/project_8/project_8.sdk/deneme/Debug/deneme.elf' is downloaded to processor 'ps7_cortexa9_0'.
04:50:29 INFO  : 'configparams force-mem-access 0' command is executed.
04:50:29 INFO  : ----------------XSDB Script----------------
connect -url tcp:127.0.0.1:3121
source D:/zybo-z10_workspace/project_8/project_8.sdk/design_1_wrapper_hw_platform_0/ps7_init.tcl
targets -set -nocase -filter {name =~"APU*" && jtag_cable_name =~ "Digilent Zybo Z7 210351A81A07A"} -index 0
loadhw -hw D:/zybo-z10_workspace/project_8/project_8.sdk/design_1_wrapper_hw_platform_0/system.hdf -mem-ranges [list {0x40000000 0xbfffffff}]
configparams force-mem-access 1
targets -set -nocase -filter {name =~"APU*" && jtag_cable_name =~ "Digilent Zybo Z7 210351A81A07A"} -index 0
stop
ps7_init
ps7_post_config
targets -set -nocase -filter {name =~ "ARM*#0" && jtag_cable_name =~ "Digilent Zybo Z7 210351A81A07A"} -index 0
rst -processor
targets -set -nocase -filter {name =~ "ARM*#0" && jtag_cable_name =~ "Digilent Zybo Z7 210351A81A07A"} -index 0
dow D:/zybo-z10_workspace/project_8/project_8.sdk/deneme/Debug/deneme.elf
configparams force-mem-access 0
----------------End of Script----------------

04:50:29 INFO  : Memory regions updated for context APU
04:50:29 INFO  : Context for processor 'ps7_cortexa9_0' is selected.
04:50:29 INFO  : 'con' command is executed.
04:50:29 INFO  : ----------------XSDB Script (After Launch)----------------
targets -set -nocase -filter {name =~ "ARM*#0" && jtag_cable_name =~ "Digilent Zybo Z7 210351A81A07A"} -index 0
con
----------------End of Script----------------

04:50:29 INFO  : Launch script is exported to file 'D:\zybo-z10_workspace\project_8\project_8.sdk\.sdk\launch_scripts\xilinx_c-c++_application_(system_debugger)\system_debugger_using_debug_deneme.elf_on_local.tcl'
04:54:31 INFO  : Disconnected from the channel tcfchan#1.
