#-----------------------------------------------------------
# Vivado v2018.3 (64-bit)
# SW Build 2405991 on Thu Dec  6 23:38:27 MST 2018
# IP Build 2404404 on Fri Dec  7 01:43:56 MST 2018
# Start of session at: Tue Jun 11 01:28:42 2019
# Process ID: 40320
# Current directory: D:/github_repository/zybo-z7-10/I2C_Master_PCF8574
# Command line: vivado.exe -gui_launcher_event rodinguilauncherevent38720 D:\github_repository\zybo-z7-10\I2C_Master_PCF8574\I2C_Master_PCF8574.xpr
# Log file: D:/github_repository/zybo-z7-10/I2C_Master_PCF8574/vivado.log
# Journal file: D:/github_repository/zybo-z7-10/I2C_Master_PCF8574\vivado.jou
#-----------------------------------------------------------
start_gui
open_project D:/github_repository/zybo-z7-10/I2C_Master_PCF8574/I2C_Master_PCF8574.xpr
Scanning sources...
Finished scanning sources
INFO: [IP_Flow 19-234] Refreshing IP repositories
INFO: [IP_Flow 19-1704] No user IP repositories specified
INFO: [IP_Flow 19-2313] Loaded Vivado IP repository 'C:/Xilinx/Vivado/2018.3/data/ip'.
open_project: Time (s): cpu = 00:00:19 ; elapsed = 00:00:11 . MemINFO: [Common 17-344] 'open_project' was cupdate_coexit
INFO: [Common 17-206] Exitexit
INFO: [Common 17-206] Exiting Vivado at Tue Jun 11 01:29:23 2019...
