#-----------------------------------------------------------
# Vivado v2018.3 (64-bit)
# SW Build 2405991 on Thu Dec  6 23:38:27 MST 2018
# IP Build 2404404 on Fri Dec  7 01:43:56 MST 2018
# Start of session at: Wed Jun 12 09:53:25 2019
# Process ID: 21756
# Current directory: D:/github_repository/zybo-z7-10/I2C_Master_PCF8574
# Command line: vivado.exe -gui_launcher_event rodinguilauncherevent47136 D:\github_repository\zybo-z7-10\I2C_Master_PCF8574\I2C_Master_PCF8574.xpr
# Log file: D:/github_repository/zybo-z7-10/I2C_Master_PCF8574/vivado.log
# Journal file: D:/github_repository/zybo-z7-10/I2C_Master_PCF8574\vivado.jou
#-----------------------------------------------------------
start_gui
open_project D:/github_repository/zybo-z7-10/I2C_Master_PCF8574/I2C_Master_PCF8574.xpr
Scanning sources...
Finished scanning sources
INFO: [IP_Flow 19-234] Refreshing IP repositories
INFO: [IP_Flow 19-1704] No user IP repositories specified
INFO: [IP_Flow 19-2313] Loaded Vivado IP repository 'C:/Xilinx/Vivado/2018.3/data/ip'.
open_project: Time (s): cpu = 00:00:25 ; elapsed = 00:00:16 . Memory (MB): peak = 697.660 ; gain = 117.840
update_compile_order -fileset sources_1
launch_simulation
INFO: [Vivado 12-5682] Launching behavioral simulation in 'D:/github_repository/zybo-z7-10/I2C_Master_PCF8574/I2C_Master_PCF8574.sim/sim_1/behav/xsim'
INFO: [SIM-utils-51] Simulation object is 'sim_1'
INFO: [SIM-utils-54] Inspecting design source files for 'I2CMaster' in fileset 'sim_1'...
INFO: [USF-XSim-97] Finding global include files...
INFO: [USF-XSim-98] Fetching design files from 'sim_1'...
INFO: [USF-XSim-2] XSim::Compile design
INFO: [USF-XSim-61] Executing 'COMPILE and ANALYZE' step in 'D:/github_repository/zybo-z7-10/I2C_Master_PCF8574/I2C_Master_PCF8574.sim/sim_1/behav/xsim'
"xvhdl --incr --relax -prj I2CMaster_vhdl.prj"
INFO: [VRFC 10-163] Analyzing VHDL file "D:/github_repository/zybo-z7-10/I2C_Master_PCF8574/I2C_Master_PCF8574.srcs/sources_1/new/I2CMaster.vhd" into library xil_defaultlib
INFO: [VRFC 10-3107] analyzing entity 'I2CMaster'
WARNING: [VRFC 10-471] case choice must be a locally static expression [D:/github_repository/zybo-z7-10/I2C_Master_PCF8574/I2C_Master_PCF8574.srcs/sources_1/new/I2CMaster.vhd:86]
WARNING: [VRFC 10-471] case choice must be a locally static expression [D:/github_repository/zybo-z7-10/I2C_Master_PCF8574/I2C_Master_PCF8574.srcs/sources_1/new/I2CMaster.vhd:91]
WARNING: [VRFC 10-471] case choice must be a locally static expression [D:/github_repository/zybo-z7-10/I2C_Master_PCF8574/I2C_Master_PCF8574.srcs/sources_1/new/I2CMaster.vhd:96]
INFO: [USF-XSim-69] 'compile' step finished in '2' seconds
INFO: [USF-XSim-3] XSim::Elaborate design
INFO: [USF-XSim-61] Executing 'ELABORATE' step in 'D:/github_repository/zybo-z7-10/I2C_Master_PCF8574/I2C_Master_PCF8574.sim/sim_1/behav/xsim'
Vivado Simulator 2018.3
Copyright 1986-1999, 2001-2018 Xilinx, Inc. All Rights Reserved.
Running: C:/Xilinx/Vivado/2018.3/bin/unwrapped/win64.o/xelab.exe -wto 4053b78b477b430aaa9956b3b48c62f7 --incr --debug typical --relax --mt 2 -L xil_defaultlib -L secureip --snapshot I2CMaster_behav xil_defaultlib.I2CMaster -log elaborate.log 
Using 2 slave threads.
Starting static elaboration
Completed static elaboration
Starting simulation data flow analysis
Completed simulation data flow analysis
Time Resolution for simulation is 1ps
Compiling package std.standard
Compiling package std.textio
Compiling package ieee.std_logic_1164
Compiling architecture behavioral of entity xil_defaultlib.i2cmaster
Built simulation snapshot I2CMaster_behav
INFO: [USF-XSim-69] 'elaborate' step finished in '5' seconds
INFO: [USF-XSim-4] XSim::Simulate design
INFO: [USF-XSim-61] Executing 'SIMULATE' step in 'D:/github_repository/zybo-z7-10/I2C_Master_PCF8574/I2C_Master_PCF8574.sim/sim_1/behav/xsim'
INFO: [USF-XSim-98] *** Running xsim
   with args "I2CMaster_behav -key {Behavioral:sim_1:Functional:I2CMaster} -tclbatch {I2CMaster.tcl} -log {simulate.log}"
INFO: [USF-XSim-8] Loading simulator feature
Vivado Simulator 2018.3
Time resolution is 1 ps
source I2CMaster.tcl
# set curr_wave [current_wave_config]
# if { [string length $curr_wave] == 0 } {
#   if { [llength [get_objects]] > 0} {
#     add_wave /
#     set_property needs_save false [current_wave_config]
#   } else {
#      send_msg_id Add_Wave-1 WARNING "No top level signals found. Simulator will start without a wave window. If you want to open a wave window go to 'File->New Waveform Configuration' or type 'create_wave_config' in the TCL console."
#   }
# }
# run 1000ns
INFO: [USF-XSim-96] XSim completed. Design snapshot 'I2CMaster_behav' loaded.
INFO: [USF-XSim-97] XSim simulation ran for 1000ns
launch_simulation: Time (s): cpu = 00:00:13 ; elapsed = 00:00:13 . Memory (MB): peak = 743.594 ; gain = 29.273
add_force {/I2CMaster/sys_clock} -radix dec {1 0ns} {0 4000ps} -repeat_every 8000ps
run 500 us
close_sim
INFO: [Simtcl 6-16] Simulation closed
exit
INFO: [Common 17-206] Exiting Vivado at Wed Jun 12 09:57:35 2019...
